<?xml version="1.0" encoding="UTF-8"?>
<testsuite xmlns:xsi="http://www.w3.org/2001/XMLSchema-instance" xsi:noNamespaceSchemaLocation="https://maven.apache.org/surefire/maven-surefire-plugin/xsd/surefire-test-report.xsd" name="com.rabbit.rabbitplatformserver.RabbitPlatformServerApplicationTests" time="16.437" tests="3" errors="1" skipped="0" failures="0">
  <properties>
[...]
</properties>
  <testcase name="setSendMailTest" classname="com.rabbit.rabbitplatformserver.RabbitPlatformServerApplicationTests" time="0.117"/>
  <testcase name="contextLoads" classname="com.rabbit.rabbitplatformserver.RabbitPlatformServerApplicationTests" time="0.056">
    <error message="用户不存在" type="java.lang.IllegalArgumentException">java.lang.IllegalArgumentException: 用户不存在
	at com.rabbit.rabbitplatformserver.RabbitPlatformServerApplicationTests.contextLoads(RabbitPlatformServerApplicationTests.java:35)
</error>
    <system-out><![CDATA[重置密码成功测试=====
2020-07-29 10:24:50,101 [main] DEBUG com.rabbit.dao.UserDao.getUser -[BaseJdbcLogger.java:159]- ==>  Preparing: select * from sys_user t where t.username = ? 
2020-07-29 10:24:50,103 [main] DEBUG com.rabbit.dao.UserDao.getUser -[BaseJdbcLogger.java:159]- ==> Parameters: test(String)
2020-07-29 10:24:50,118 [main] DEBUG com.rabbit.dao.UserDao.getUser -[BaseJdbcLogger.java:159]- <==      Total: 0
]]></system-out>
  </testcase>
  <testcase name="testReport" classname="com.rabbit.rabbitplatformserver.RabbitPlatformServerApplicationTests" time="0.324"/>
</testsuite>